------------------------------------------------------------------------------------------------------------------------

[2017-11-17 13:17:41 #1 server] 
Server on port 6136 has started by 3860@DESKTOP-2QNBT58

[2017-11-17 13:17:46 #2 store] 
Database 'D:\Utt\Work\Software Engineering\owl-express-java\objectdb-2.7.2_06\db\db\User.odb' is opened by 3860@DESKTOP-2QNBT58

[2017-11-17 13:17:46 #3 store] 
Configuration path: D:\Utt\Work\Software Engineering\owl-express-java\objectdb-2.7.2_06\objectdb.conf

[2017-11-17 13:17:59 #4 store] 
Database 'D:\Utt\Work\Software Engineering\owl-express-java\objectdb-2.7.2_06\db\db\User.odb' is closed by 3860@DESKTOP-2QNBT58

[2017-11-17 13:18:07 #5 server] 
Server on port 6136 has stopped by 3860@DESKTOP-2QNBT58

------------------------------------------------------------------------------------------------------------------------

[2017-11-17 13:23:58 #1 server] 
Server on port 6136 has started by 5348@DESKTOP-2QNBT58

[2017-11-17 13:24:22 #2 store] 
Database 'D:\Utt\Work\Software Engineering\owl-express-java\objectdb-2.7.2_06\db\db\User.odb' is opened by 5348@DESKTOP-2QNBT58

[2017-11-17 13:24:22 #3 store] 
Configuration path: D:\Utt\Work\Software Engineering\owl-express-java\objectdb-2.7.2_06\objectdb.conf

[2017-11-17 13:24:38 #4 store] 
Database 'D:\Utt\Work\Software Engineering\owl-express-java\objectdb-2.7.2_06\db\db\User.odb' is closed by 5348@DESKTOP-2QNBT58

