------------------------------------------------------------------------------------------------------------------------

[2017-11-15 02:57:37 #1 server] 
Server on port 6136 has started by 8886@babyjazz-PC

[2017-11-15 02:57:43 #2 store] 
Database '/home/babyjazz/Downloads/test/pap/owl-express-java/objectdb-2.7.2_06/db/db/user.odb' is opened by 8886@babyjazz-PC

[2017-11-15 02:57:43 #3 store] 
Configuration path: /home/babyjazz/Downloads/test/pap/owl-express-java/objectdb-2.7.2_06/objectdb.conf

[2017-11-15 02:57:44 #4 store] 
Database '/home/babyjazz/Downloads/test/pap/owl-express-java/objectdb-2.7.2_06/db/db/user.odb' is closed by 8886@babyjazz-PC

[2017-11-15 02:58:24 #5 store] 
Database '/home/babyjazz/Downloads/test/pap/owl-express-java/objectdb-2.7.2_06/db/db/user.odb' is opened by 8886@babyjazz-PC

[2017-11-15 02:58:24 #6 store] 
Configuration path: /home/babyjazz/Downloads/test/pap/owl-express-java/objectdb-2.7.2_06/objectdb.conf

[2017-11-15 02:58:24 #7 store] 
Database '/home/babyjazz/Downloads/test/pap/owl-express-java/objectdb-2.7.2_06/db/db/user.odb' is closed by 8886@babyjazz-PC

[2017-11-15 02:58:30 #8 store] 
Database '/home/babyjazz/Downloads/test/pap/owl-express-java/objectdb-2.7.2_06/db/db/user.odb' is opened by 8886@babyjazz-PC

[2017-11-15 02:58:30 #9 store] 
Configuration path: /home/babyjazz/Downloads/test/pap/owl-express-java/objectdb-2.7.2_06/objectdb.conf

[2017-11-15 02:58:31 #10 store] 
Database '/home/babyjazz/Downloads/test/pap/owl-express-java/objectdb-2.7.2_06/db/db/user.odb' is closed by 8886@babyjazz-PC

------------------------------------------------------------------------------------------------------------------------

[2017-11-15 20:56:43 #1 server] 
Server on port 6136 has started by 1233@babyjazz-PC

------------------------------------------------------------------------------------------------------------------------

[2017-11-15 20:56:49 #1 server] 
Server on port 6136 has started by 1710@babyjazz-PC

[2017-11-15 20:57:11 #2 store] 
Database '/home/babyjazz/Downloads/test/pap/owl-express-java/objectdb-2.7.2_06/db/db/user.odb' is opened by 1710@babyjazz-PC

[2017-11-15 20:57:11 #3 store] 
Configuration path: /home/babyjazz/Downloads/test/pap/owl-express-java/objectdb-2.7.2_06/objectdb.conf

[2017-11-15 20:57:19 #4 store] 
Database '/home/babyjazz/Downloads/test/pap/owl-express-java/objectdb-2.7.2_06/db/db/user.odb' is closed by 1710@babyjazz-PC

[2017-11-15 20:57:20 #5 store] 
Database '/home/babyjazz/Downloads/test/pap/owl-express-java/objectdb-2.7.2_06/db/db/user.odb' is opened by 1710@babyjazz-PC

[2017-11-15 20:57:20 #6 store] 
Configuration path: /home/babyjazz/Downloads/test/pap/owl-express-java/objectdb-2.7.2_06/objectdb.conf

------------------------------------------------------------------------------------------------------------------------

[2017-11-15 20:58:24 #1 explorer] 
[ObjectDB 2.7.2_06] javax.persistence.PersistenceException
Failed to open file '/home/babyjazz/Downloads/test/pap/owl-express-java/objectdb-2.7.2_06/db/db' (error 115)
	at javax.swing.Timer.fireActionPerformed(Timer.java:313)
	at javax.swing.Timer$DoPostEvent.run(Timer.java:245)
	at java.awt.event.InvocationEvent.dispatch(InvocationEvent.java:311)
	at java.awt.EventQueue.dispatchEventImpl(EventQueue.java:756)
	at java.awt.EventQueue.access$500(EventQueue.java:97)
	at java.awt.EventQueue$3.run(EventQueue.java:709)
	at java.awt.EventQueue$3.run(EventQueue.java:703)
	at java.security.AccessController.doPrivileged(Native Method)
	at java.security.ProtectionDomain$JavaSecurityAccessImpl.doIntersectionPrivilege(ProtectionDomain.java:80)
	at java.awt.EventQueue.dispatchEvent(EventQueue.java:726)
	at java.awt.EventDispatchThread.pumpOneEventForFilters(EventDispatchThread.java:201)
	at java.awt.EventDispatchThread.pumpEventsForFilter(EventDispatchThread.java:116)
	at java.awt.EventDispatchThread.pumpEventsForHierarchy(EventDispatchThread.java:105)
	at java.awt.EventDispatchThread.pumpEvents(EventDispatchThread.java:101)
	at java.awt.EventDispatchThread.pumpEvents(EventDispatchThread.java:93)
	at java.awt.EventDispatchThread.run(EventDispatchThread.java:82)
Caused by: com.objectdb.o.UserException: Failed to open file '/home/babyjazz/Downloads/test/pap/owl-express-java/objectdb-2.7.2_06/db/db'
	at com.objectdb.o.MSG.d(MSG.java:77)
	at com.objectdb.o.LFL.R(LFL.java:1462)
	at com.objectdb.o.LFL.C(LFL.java:901)
	at com.objectdb.o.LFL.C(LFL.java:797)
	at com.objectdb.o.DFL.<init>(DFL.java:241)
	at com.objectdb.o.DocManager.<init>(DocManager.java:25)
	at com.objectdb.o.MST.<init>(MST.java:127)
	at com.objectdb.o.MST.aO(MST.java:109)
	at com.objectdb.o.MSF.Vi(MSF.java:190)
	at com.objectdb.o.OMF.an(OMF.java:783)
	at com.objectdb.jpa.EMF.an(EMF.java:131)
	at com.objectdb.o.OMF.am(OMF.java:694)
	at com.objectdb.jpa.EMF.createEntityManager(EMF.java:150)
	... 18 more
Caused by: java.io.FileNotFoundException: /home/babyjazz/Downloads/test/pap/owl-express-java/objectdb-2.7.2_06/db/db (Is a directory)
	at java.io.RandomAccessFile.open0(Native Method)
	at java.io.RandomAccessFile.open(RandomAccessFile.java:316)
	at java.io.RandomAccessFile.<init>(RandomAccessFile.java:243)
	at com.objectdb.o.LFL.C(LFL.java:884)
	... 28 more

[2017-11-15 21:01:27 #7 store] 
Database '/home/babyjazz/Downloads/test/pap/owl-express-java/objectdb-2.7.2_06/db/db/user.odb' is closed by 1710@babyjazz-PC

[2017-11-15 21:03:19 #8 store] 
Database '/home/babyjazz/Downloads/test/pap/owl-express-java/objectdb-2.7.2_06/db/db/user.odb' is opened by 1710@babyjazz-PC

[2017-11-15 21:03:19 #9 store] 
Configuration path: /home/babyjazz/Downloads/test/pap/owl-express-java/objectdb-2.7.2_06/objectdb.conf

[2017-11-15 21:03:22 #10 store] 
Database '/home/babyjazz/Downloads/test/pap/owl-express-java/objectdb-2.7.2_06/db/db/user.odb' is closed by 1710@babyjazz-PC

[2017-11-15 21:05:14 #11 store] 
Database '/home/babyjazz/Downloads/test/pap/owl-express-java/objectdb-2.7.2_06/db/db/user.odb' is opened by 1710@babyjazz-PC

[2017-11-15 21:05:14 #12 store] 
Configuration path: /home/babyjazz/Downloads/test/pap/owl-express-java/objectdb-2.7.2_06/objectdb.conf

[2017-11-15 21:05:17 #13 store] 
Database '/home/babyjazz/Downloads/test/pap/owl-express-java/objectdb-2.7.2_06/db/db/user.odb' is closed by 1710@babyjazz-PC

[2017-11-15 21:07:59 #14 store] 
Database '/home/babyjazz/Downloads/test/pap/owl-express-java/objectdb-2.7.2_06/db/db/user.odb' is opened by 1710@babyjazz-PC

[2017-11-15 21:07:59 #15 store] 
Configuration path: /home/babyjazz/Downloads/test/pap/owl-express-java/objectdb-2.7.2_06/objectdb.conf

[2017-11-15 21:08:03 #16 store] 
Database '/home/babyjazz/Downloads/test/pap/owl-express-java/objectdb-2.7.2_06/db/db/user.odb' is closed by 1710@babyjazz-PC

[2017-11-15 21:08:46 #17 store] 
Database '/home/babyjazz/Downloads/test/pap/owl-express-java/objectdb-2.7.2_06/db/db/user.odb' is opened by 1710@babyjazz-PC

[2017-11-15 21:08:46 #18 store] 
Configuration path: /home/babyjazz/Downloads/test/pap/owl-express-java/objectdb-2.7.2_06/objectdb.conf

[2017-11-15 21:09:13 #19 store] 
Database '/home/babyjazz/Downloads/test/pap/owl-express-java/objectdb-2.7.2_06/db/db/user.odb' is closed by 1710@babyjazz-PC

[2017-11-15 21:47:21 #20 store] 
Database '/home/babyjazz/Downloads/test/pap/owl-express-java/objectdb-2.7.2_06/db/db/user.odb' is opened by 1710@babyjazz-PC

[2017-11-15 21:47:21 #21 store] 
Configuration path: /home/babyjazz/Downloads/test/pap/owl-express-java/objectdb-2.7.2_06/objectdb.conf

[2017-11-15 21:47:22 #22 store] 
Database '/home/babyjazz/Downloads/test/pap/owl-express-java/objectdb-2.7.2_06/db/db/user.odb' is closed by 1710@babyjazz-PC

[2017-11-15 21:47:56 #23 store] 
Database '/home/babyjazz/Downloads/test/pap/owl-express-java/objectdb-2.7.2_06/db/db/user.odb' is opened by 1710@babyjazz-PC

[2017-11-15 21:47:56 #24 store] 
Configuration path: /home/babyjazz/Downloads/test/pap/owl-express-java/objectdb-2.7.2_06/objectdb.conf

[2017-11-15 21:47:58 #25 store] 
Database '/home/babyjazz/Downloads/test/pap/owl-express-java/objectdb-2.7.2_06/db/db/user.odb' is closed by 1710@babyjazz-PC

[2017-11-15 22:08:32 #26 store] 
Database '/home/babyjazz/Downloads/test/pap/owl-express-java/objectdb-2.7.2_06/db/db/user.odb' is opened by 1710@babyjazz-PC

[2017-11-15 22:08:32 #27 store] 
Configuration path: /home/babyjazz/Downloads/test/pap/owl-express-java/objectdb-2.7.2_06/objectdb.conf

[2017-11-15 22:08:36 #28 store] 
Database '/home/babyjazz/Downloads/test/pap/owl-express-java/objectdb-2.7.2_06/db/db/user.odb' is closed by 1710@babyjazz-PC

[2017-11-15 22:11:49 #29 store] 
Database '/home/babyjazz/Downloads/test/pap/owl-express-java/objectdb-2.7.2_06/db/db/user.odb' is opened by 1710@babyjazz-PC

[2017-11-15 22:11:49 #30 store] 
Configuration path: /home/babyjazz/Downloads/test/pap/owl-express-java/objectdb-2.7.2_06/objectdb.conf

[2017-11-15 22:11:56 #31 store] 
Database '/home/babyjazz/Downloads/test/pap/owl-express-java/objectdb-2.7.2_06/db/db/user.odb' is closed by 1710@babyjazz-PC

[2017-11-15 22:26:56 #32 store] 
Database '/home/babyjazz/Downloads/test/pap/owl-express-java/objectdb-2.7.2_06/db/db/user.odb' is opened by 1710@babyjazz-PC

[2017-11-15 22:26:56 #33 store] 
Configuration path: /home/babyjazz/Downloads/test/pap/owl-express-java/objectdb-2.7.2_06/objectdb.conf

[2017-11-15 22:26:58 #34 store] 
Database '/home/babyjazz/Downloads/test/pap/owl-express-java/objectdb-2.7.2_06/db/db/user.odb' is closed by 1710@babyjazz-PC

