------------------------------------------------------------------------------------------------------------------------

[2017-11-15 02:57:37 #1 server] 
Server on port 6136 has started by 8886@babyjazz-PC

[2017-11-15 02:57:43 #2 store] 
Database '/home/babyjazz/Downloads/test/pap/owl-express-java/objectdb-2.7.2_06/db/db/user.odb' is opened by 8886@babyjazz-PC

[2017-11-15 02:57:43 #3 store] 
Configuration path: /home/babyjazz/Downloads/test/pap/owl-express-java/objectdb-2.7.2_06/objectdb.conf

[2017-11-15 02:57:44 #4 store] 
Database '/home/babyjazz/Downloads/test/pap/owl-express-java/objectdb-2.7.2_06/db/db/user.odb' is closed by 8886@babyjazz-PC

[2017-11-15 02:58:24 #5 store] 
Database '/home/babyjazz/Downloads/test/pap/owl-express-java/objectdb-2.7.2_06/db/db/user.odb' is opened by 8886@babyjazz-PC

[2017-11-15 02:58:24 #6 store] 
Configuration path: /home/babyjazz/Downloads/test/pap/owl-express-java/objectdb-2.7.2_06/objectdb.conf

[2017-11-15 02:58:24 #7 store] 
Database '/home/babyjazz/Downloads/test/pap/owl-express-java/objectdb-2.7.2_06/db/db/user.odb' is closed by 8886@babyjazz-PC

[2017-11-15 02:58:30 #8 store] 
Database '/home/babyjazz/Downloads/test/pap/owl-express-java/objectdb-2.7.2_06/db/db/user.odb' is opened by 8886@babyjazz-PC

[2017-11-15 02:58:30 #9 store] 
Configuration path: /home/babyjazz/Downloads/test/pap/owl-express-java/objectdb-2.7.2_06/objectdb.conf

[2017-11-15 02:58:31 #10 store] 
Database '/home/babyjazz/Downloads/test/pap/owl-express-java/objectdb-2.7.2_06/db/db/user.odb' is closed by 8886@babyjazz-PC

