------------------------------------------------------------------------------------------------------------------------

[2017-11-14 00:24:22 #1 server] 
Server on port 6136 has started by 5284@DESKTOP-2QNBT58

[2017-11-14 00:24:56 #2 store] 
Database 'D:\Utt\Work\Software Engineering\owl-express-java\objectdb-2.7.2_06\db\db\user.odb' is opened by 5284@DESKTOP-2QNBT58

[2017-11-14 00:24:56 #3 store] 
Configuration path: D:\Utt\Work\Software Engineering\owl-express-java\objectdb-2.7.2_06\objectdb.conf

[2017-11-14 00:25:21 #4 store] 
Database 'D:\Utt\Work\Software Engineering\owl-express-java\objectdb-2.7.2_06\db\db\user.odb' is closed by 5284@DESKTOP-2QNBT58

[2017-11-14 00:28:11 #5 store] 
Database 'D:\Utt\Work\Software Engineering\owl-express-java\objectdb-2.7.2_06\db\db\User.odb' is opened by 5284@DESKTOP-2QNBT58

[2017-11-14 00:28:11 #6 store] 
Configuration path: D:\Utt\Work\Software Engineering\owl-express-java\objectdb-2.7.2_06\objectdb.conf

[2017-11-14 00:28:39 #7 store] 
Database 'D:\Utt\Work\Software Engineering\owl-express-java\objectdb-2.7.2_06\db\db\User.odb' is closed by 5284@DESKTOP-2QNBT58

[2017-11-14 00:30:50 #8 store] 
Database 'D:\Utt\Work\Software Engineering\owl-express-java\objectdb-2.7.2_06\db\db\user.odb' is opened by 5284@DESKTOP-2QNBT58

[2017-11-14 00:30:50 #9 store] 
Configuration path: D:\Utt\Work\Software Engineering\owl-express-java\objectdb-2.7.2_06\objectdb.conf

[2017-11-14 00:30:59 #10 store] 
Database 'D:\Utt\Work\Software Engineering\owl-express-java\objectdb-2.7.2_06\db\db\user.odb' is closed by 5284@DESKTOP-2QNBT58

[2017-11-14 00:39:37 #11 store] 
Database 'D:\Utt\Work\Software Engineering\owl-express-java\objectdb-2.7.2_06\db\db\User.odb' is opened by 5284@DESKTOP-2QNBT58

[2017-11-14 00:39:37 #12 store] 
Configuration path: D:\Utt\Work\Software Engineering\owl-express-java\objectdb-2.7.2_06\objectdb.conf

[2017-11-14 00:39:50 #13 store] 
Database 'D:\Utt\Work\Software Engineering\owl-express-java\objectdb-2.7.2_06\db\db\User.odb' is closed by 5284@DESKTOP-2QNBT58

[2017-11-14 00:42:25 #14 store] 
Database 'D:\Utt\Work\Software Engineering\owl-express-java\objectdb-2.7.2_06\db\db\User.odb' is opened by 5284@DESKTOP-2QNBT58

[2017-11-14 00:42:25 #15 store] 
Configuration path: D:\Utt\Work\Software Engineering\owl-express-java\objectdb-2.7.2_06\objectdb.conf

[2017-11-14 00:42:32 #16 store] 
Database 'D:\Utt\Work\Software Engineering\owl-express-java\objectdb-2.7.2_06\db\db\User.odb' is closed by 5284@DESKTOP-2QNBT58

[2017-11-14 00:42:44 #17 store] 
Database 'D:\Utt\Work\Software Engineering\owl-express-java\objectdb-2.7.2_06\db\db\user.odb' is opened by 5284@DESKTOP-2QNBT58

[2017-11-14 00:42:44 #18 store] 
Configuration path: D:\Utt\Work\Software Engineering\owl-express-java\objectdb-2.7.2_06\objectdb.conf

[2017-11-14 00:42:48 #19 store] 
Database 'D:\Utt\Work\Software Engineering\owl-express-java\objectdb-2.7.2_06\db\db\user.odb' is closed by 5284@DESKTOP-2QNBT58

------------------------------------------------------------------------------------------------------------------------

[2017-11-14 12:39:36 #1 server] 
Server on port 6136 has started by 12300@DESKTOP-2QNBT58

[2017-11-14 12:40:36 #2 store] 
Database 'D:\Utt\Work\Software Engineering\owl-express-java\objectdb-2.7.2_06\db\db\User.odb' is opened by 12300@DESKTOP-2QNBT58

[2017-11-14 12:40:36 #3 store] 
Configuration path: D:\Utt\Work\Software Engineering\owl-express-java\objectdb-2.7.2_06\objectdb.conf

[2017-11-14 12:42:32 #4 store] 
Database 'D:\Utt\Work\Software Engineering\owl-express-java\objectdb-2.7.2_06\db\db\User.odb' is closed by 12300@DESKTOP-2QNBT58

[2017-11-14 12:45:15 #5 store] 
Database 'D:\Utt\Work\Software Engineering\owl-express-java\objectdb-2.7.2_06\db\db\user.odb' is opened by 12300@DESKTOP-2QNBT58

[2017-11-14 12:45:15 #6 store] 
Configuration path: D:\Utt\Work\Software Engineering\owl-express-java\objectdb-2.7.2_06\objectdb.conf

